<?xml version="1.0" encoding="UTF-8"?>
<testng-results ignored="0" total="6" passed="5" failed="1" skipped="0">
  <reporter-output>
  </reporter-output>
  <suite started-at="2025-02-05T10:04:33 IST" name="Default suite" finished-at="2025-02-05T10:08:54 IST" duration-ms="260575">
    <groups>
    </groups>
    <test started-at="2025-02-05T10:04:33 IST" name="Default test" finished-at="2025-02-05T10:08:54 IST" duration-ms="260575">
      <class name="Testcase.MakeMyTripFlightSearch">
        <test-method is-config="true" signature="OpenBrowser()[pri:0, instance:Testcase.MakeMyTripFlightSearch@815b41f]" started-at="2025-02-05T10:04:30 IST" name="OpenBrowser" finished-at="2025-02-05T10:04:33 IST" duration-ms="3079" status="PASS">
          <reporter-output>
          </reporter-output>
        </test-method> <!-- OpenBrowser -->
        <test-method is-config="true" signature="LaunchtheApplication()[pri:0, instance:Testcase.MakeMyTripFlightSearch@815b41f]" started-at="2025-02-05T10:04:33 IST" name="LaunchtheApplication" finished-at="2025-02-05T10:04:51 IST" duration-ms="17425" status="PASS">
          <reporter-output>
          </reporter-output>
        </test-method> <!-- LaunchtheApplication -->
        <test-method is-config="true" signature="closePopup()[pri:0, instance:Testcase.MakeMyTripFlightSearch@815b41f]" started-at="2025-02-05T10:04:51 IST" name="closePopup" finished-at="2025-02-05T10:05:09 IST" duration-ms="17742" status="PASS">
          <reporter-output>
          </reporter-output>
        </test-method> <!-- closePopup -->
        <test-method signature="ValidatedFlightSearchWithValidValues(java.lang.String,java.lang.String,java.lang.String)[pri:0, instance:Testcase.MakeMyTripFlightSearch@815b41f]" started-at="2025-02-05T10:05:10 IST" name="ValidatedFlightSearchWithValidValues" data-provider="GetValidFlightTestData" finished-at="2025-02-05T10:06:34 IST" duration-ms="84284" status="PASS">
          <params>
            <param index="0">
              <value>
                <![CDATA[BLR]]>
              </value>
            </param>
            <param index="1">
              <value>
                <![CDATA[MAA]]>
              </value>
            </param>
            <param index="2">
              <value>
                <![CDATA[20]]>
              </value>
            </param>
          </params>
          <reporter-output>
          </reporter-output>
        </test-method> <!-- ValidatedFlightSearchWithValidValues -->
        <test-method is-config="true" signature="WriteInReport(org.testng.ITestResult)[pri:0, instance:Testcase.MakeMyTripFlightSearch@815b41f]" started-at="2025-02-05T10:06:34 IST" name="WriteInReport" finished-at="2025-02-05T10:06:35 IST" duration-ms="406" status="PASS">
          <params>
            <param index="0">
              <value>
                <![CDATA[[TestResult name=ValidatedFlightSearchWithValidValues status=SUCCESS method=MakeMyTripFlightSearch.ValidatedFlightSearchWithValidValues(java.lang.String,java.lang.String,java.lang.String)[pri:0, instance:Testcase.MakeMyTripFlightSearch@815b41f] output={null}]]]>
              </value>
            </param>
          </params>
          <reporter-output>
          </reporter-output>
        </test-method> <!-- WriteInReport -->
        <test-method signature="ValidatedFlightSearchWithValidValues(java.lang.String,java.lang.String,java.lang.String)[pri:0, instance:Testcase.MakeMyTripFlightSearch@815b41f]" started-at="2025-02-05T10:06:35 IST" name="ValidatedFlightSearchWithValidValues" data-provider="GetValidFlightTestData" finished-at="2025-02-05T10:06:41 IST" duration-ms="6375" status="FAIL">
          <params>
            <param index="0">
              <value>
                <![CDATA[PNQ]]>
              </value>
            </param>
            <param index="1">
              <value>
                <![CDATA[BLR]]>
              </value>
            </param>
            <param index="2">
              <value>
                <![CDATA[15]]>
              </value>
            </param>
          </params>
          <exception class="org.openqa.selenium.ElementClickInterceptedException">
            <message>
              <![CDATA[element click intercepted: Element <a class="primaryBtn font24 latoBold widget...Btn ">Search</a> is not clickable at point (756, 461). Other element would receive the click: <div class="dateInnerCell">...</div>
  (Session info: MicrosoftEdge=132.0.2957.140)
Build info: version: '4.27.0', revision: 'd6e718d134'
System info: os.name: 'Windows 11', os.arch: 'amd64', os.version: '10.0', java.version: '21.0.5'
Driver info: org.openqa.selenium.edge.EdgeDriver
Command: [f2a23e92e5a0ef4d8b1b43dad9be0da1, clickElement {id=f.9CE5DFD5584FD6E313F0F155C53EAFA9.d.263EB77B2854416E339D6C7C6C7792DD.e.584}]
Capabilities {acceptInsecureCerts: false, browserName: MicrosoftEdge, browserVersion: 132.0.2957.140, fedcm:accounts: true, ms:edgeOptions: {debuggerAddress: localhost:50936}, msedge: {msedgedriverVersion: 132.0.2957.140 (a81e27b375d..., userDataDir: C:\Users\DELL\AppData\Local...}, networkConnectionEnabled: false, pageLoadStrategy: normal, platformName: windows, proxy: Proxy(), se:cdp: ws://localhost:50936/devtoo..., se:cdpVersion: 132.0.2957.140, setWindowRect: true, strictFileInteractability: false, timeouts: {implicit: 0, pageLoad: 300000, script: 30000}, unhandledPromptBehavior: dismiss and notify, webauthn:extension:credBlob: true, webauthn:extension:largeBlob: true, webauthn:extension:minPinLength: true, webauthn:extension:prf: true, webauthn:virtualAuthenticators: true}
Element: [[EdgeDriver: MicrosoftEdge on windows (f2a23e92e5a0ef4d8b1b43dad9be0da1)] -> xpath: //a[text()='Search']]
Session ID: f2a23e92e5a0ef4d8b1b43dad9be0da1]]>
            </message>
            <full-stacktrace>
              <![CDATA[org.openqa.selenium.ElementClickInterceptedException: element click intercepted: Element <a class="primaryBtn font24 latoBold widget...Btn ">Search</a> is not clickable at point (756, 461). Other element would receive the click: <div class="dateInnerCell">...</div>
  (Session info: MicrosoftEdge=132.0.2957.140)
Build info: version: '4.27.0', revision: 'd6e718d134'
System info: os.name: 'Windows 11', os.arch: 'amd64', os.version: '10.0', java.version: '21.0.5'
Driver info: org.openqa.selenium.edge.EdgeDriver
Command: [f2a23e92e5a0ef4d8b1b43dad9be0da1, clickElement {id=f.9CE5DFD5584FD6E313F0F155C53EAFA9.d.263EB77B2854416E339D6C7C6C7792DD.e.584}]
Capabilities {acceptInsecureCerts: false, browserName: MicrosoftEdge, browserVersion: 132.0.2957.140, fedcm:accounts: true, ms:edgeOptions: {debuggerAddress: localhost:50936}, msedge: {msedgedriverVersion: 132.0.2957.140 (a81e27b375d..., userDataDir: C:\Users\DELL\AppData\Local...}, networkConnectionEnabled: false, pageLoadStrategy: normal, platformName: windows, proxy: Proxy(), se:cdp: ws://localhost:50936/devtoo..., se:cdpVersion: 132.0.2957.140, setWindowRect: true, strictFileInteractability: false, timeouts: {implicit: 0, pageLoad: 300000, script: 30000}, unhandledPromptBehavior: dismiss and notify, webauthn:extension:credBlob: true, webauthn:extension:largeBlob: true, webauthn:extension:minPinLength: true, webauthn:extension:prf: true, webauthn:virtualAuthenticators: true}
Element: [[EdgeDriver: MicrosoftEdge on windows (f2a23e92e5a0ef4d8b1b43dad9be0da1)] -> xpath: //a[text()='Search']]
Session ID: f2a23e92e5a0ef4d8b1b43dad9be0da1
at java.base/jdk.internal.reflect.DirectConstructorHandleAccessor.newInstance(DirectConstructorHandleAccessor.java:62)
at java.base/java.lang.reflect.Constructor.newInstanceWithCaller(Constructor.java:502)
at java.base/java.lang.reflect.Constructor.newInstance(Constructor.java:486)
at org.openqa.selenium.remote.ErrorCodec.decode(ErrorCodec.java:167)
at org.openqa.selenium.remote.codec.w3c.W3CHttpResponseCodec.decode(W3CHttpResponseCodec.java:138)
at org.openqa.selenium.remote.codec.w3c.W3CHttpResponseCodec.decode(W3CHttpResponseCodec.java:50)
at org.openqa.selenium.remote.HttpCommandExecutor.execute(HttpCommandExecutor.java:190)
at org.openqa.selenium.remote.service.DriverCommandExecutor.invokeExecute(DriverCommandExecutor.java:216)
at org.openqa.selenium.remote.service.DriverCommandExecutor.execute(DriverCommandExecutor.java:174)
at org.openqa.selenium.remote.RemoteWebDriver.execute(RemoteWebDriver.java:545)
at org.openqa.selenium.remote.RemoteWebElement.execute(RemoteWebElement.java:223)
at org.openqa.selenium.remote.RemoteWebElement.click(RemoteWebElement.java:76)
at Commons.Elements.ClickOnButton(Elements.java:46)
at pages.FlightSearchpage.clickOnSearchbutton(FlightSearchpage.java:67)
at Testcase.MakeMyTripFlightSearch.ValidatedFlightSearchWithValidValues(MakeMyTripFlightSearch.java:69)
at java.base/jdk.internal.reflect.DirectMethodHandleAccessor.invoke(DirectMethodHandleAccessor.java:103)
at java.base/java.lang.reflect.Method.invoke(Method.java:580)
at org.testng.internal.invokers.MethodInvocationHelper.invokeMethod(MethodInvocationHelper.java:139)
at org.testng.internal.invokers.TestInvoker.invokeMethod(TestInvoker.java:664)
at org.testng.internal.invokers.TestInvoker.invokeTestMethod(TestInvoker.java:228)
at org.testng.internal.invokers.MethodRunner.runInSequence(MethodRunner.java:63)
at org.testng.internal.invokers.TestInvoker$MethodInvocationAgent.invoke(TestInvoker.java:961)
at org.testng.internal.invokers.TestInvoker.invokeTestMethods(TestInvoker.java:201)
at org.testng.internal.invokers.TestMethodWorker.invokeTestMethods(TestMethodWorker.java:148)
at org.testng.internal.invokers.TestMethodWorker.run(TestMethodWorker.java:128)
at java.base/java.util.ArrayList.forEach(ArrayList.java:1596)
at org.testng.TestRunner.privateRun(TestRunner.java:819)
at org.testng.TestRunner.run(TestRunner.java:619)
at org.testng.SuiteRunner.runTest(SuiteRunner.java:443)
at org.testng.SuiteRunner.runSequentially(SuiteRunner.java:437)
at org.testng.SuiteRunner.privateRun(SuiteRunner.java:397)
at org.testng.SuiteRunner.run(SuiteRunner.java:336)
at org.testng.SuiteRunnerWorker.runSuite(SuiteRunnerWorker.java:52)
at org.testng.SuiteRunnerWorker.run(SuiteRunnerWorker.java:95)
at org.testng.TestNG.runSuitesSequentially(TestNG.java:1301)
at org.testng.TestNG.runSuitesLocally(TestNG.java:1228)
at org.testng.TestNG.runSuites(TestNG.java:1134)
at org.testng.TestNG.run(TestNG.java:1101)
at org.testng.remote.AbstractRemoteTestNG.run(AbstractRemoteTestNG.java:115)
at org.testng.remote.RemoteTestNG.initAndRun(RemoteTestNG.java:293)
at org.testng.remote.RemoteTestNG.main(RemoteTestNG.java:91)
]]>
            </full-stacktrace>
          </exception> <!-- org.openqa.selenium.ElementClickInterceptedException -->
          <reporter-output>
          </reporter-output>
        </test-method> <!-- ValidatedFlightSearchWithValidValues -->
        <test-method is-config="true" signature="WriteInReport(org.testng.ITestResult)[pri:0, instance:Testcase.MakeMyTripFlightSearch@815b41f]" started-at="2025-02-05T10:06:41 IST" name="WriteInReport" finished-at="2025-02-05T10:06:41 IST" duration-ms="244" status="PASS">
          <params>
            <param index="0">
              <value>
                <![CDATA[[TestResult name=ValidatedFlightSearchWithValidValues status=FAILURE method=MakeMyTripFlightSearch.ValidatedFlightSearchWithValidValues(java.lang.String,java.lang.String,java.lang.String)[pri:0, instance:Testcase.MakeMyTripFlightSearch@815b41f] output={null}]]]>
              </value>
            </param>
          </params>
          <reporter-output>
          </reporter-output>
        </test-method> <!-- WriteInReport -->
        <test-method signature="ValidatedFlightSearchWithValidValues(java.lang.String,java.lang.String,java.lang.String)[pri:0, instance:Testcase.MakeMyTripFlightSearch@815b41f]" started-at="2025-02-05T10:06:41 IST" name="ValidatedFlightSearchWithValidValues" data-provider="GetValidFlightTestData" finished-at="2025-02-05T10:08:40 IST" duration-ms="118718" status="PASS">
          <params>
            <param index="0">
              <value>
                <![CDATA[MAA]]>
              </value>
            </param>
            <param index="1">
              <value>
                <![CDATA[PNQ]]>
              </value>
            </param>
            <param index="2">
              <value>
                <![CDATA[12]]>
              </value>
            </param>
          </params>
          <reporter-output>
          </reporter-output>
        </test-method> <!-- ValidatedFlightSearchWithValidValues -->
        <test-method is-config="true" signature="WriteInReport(org.testng.ITestResult)[pri:0, instance:Testcase.MakeMyTripFlightSearch@815b41f]" started-at="2025-02-05T10:08:40 IST" name="WriteInReport" finished-at="2025-02-05T10:08:40 IST" duration-ms="378" status="PASS">
          <params>
            <param index="0">
              <value>
                <![CDATA[[TestResult name=ValidatedFlightSearchWithValidValues status=SUCCESS method=MakeMyTripFlightSearch.ValidatedFlightSearchWithValidValues(java.lang.String,java.lang.String,java.lang.String)[pri:0, instance:Testcase.MakeMyTripFlightSearch@815b41f] output={null}]]]>
              </value>
            </param>
          </params>
          <reporter-output>
          </reporter-output>
        </test-method> <!-- WriteInReport -->
        <test-method signature="ValidatedFlighrSearchWithinValidValues(java.lang.String,java.lang.String)[pri:1, instance:Testcase.MakeMyTripFlightSearch@815b41f]" started-at="2025-02-05T10:08:40 IST" name="ValidatedFlighrSearchWithinValidValues" data-provider="GetinValidFlightTestData" finished-at="2025-02-05T10:08:50 IST" duration-ms="9657" status="PASS">
          <params>
            <param index="0">
              <value>
                <![CDATA[MAA]]>
              </value>
            </param>
            <param index="1">
              <value>
                <![CDATA[MAA]]>
              </value>
            </param>
          </params>
          <reporter-output>
          </reporter-output>
        </test-method> <!-- ValidatedFlighrSearchWithinValidValues -->
        <test-method is-config="true" signature="WriteInReport(org.testng.ITestResult)[pri:0, instance:Testcase.MakeMyTripFlightSearch@815b41f]" started-at="2025-02-05T10:08:50 IST" name="WriteInReport" finished-at="2025-02-05T10:08:50 IST" duration-ms="379" status="PASS">
          <params>
            <param index="0">
              <value>
                <![CDATA[[TestResult name=ValidatedFlighrSearchWithinValidValues status=SUCCESS method=MakeMyTripFlightSearch.ValidatedFlighrSearchWithinValidValues(java.lang.String,java.lang.String)[pri:1, instance:Testcase.MakeMyTripFlightSearch@815b41f] output={null}]]]>
              </value>
            </param>
          </params>
          <reporter-output>
          </reporter-output>
        </test-method> <!-- WriteInReport -->
        <test-method signature="ValidatedFlighrSearchWithinValidValues(java.lang.String,java.lang.String)[pri:1, instance:Testcase.MakeMyTripFlightSearch@815b41f]" started-at="2025-02-05T10:08:50 IST" name="ValidatedFlighrSearchWithinValidValues" data-provider="GetinValidFlightTestData" finished-at="2025-02-05T10:08:52 IST" duration-ms="1469" status="PASS">
          <params>
            <param index="0">
              <value>
                <![CDATA[BLR]]>
              </value>
            </param>
            <param index="1">
              <value>
                <![CDATA[BLR]]>
              </value>
            </param>
          </params>
          <reporter-output>
          </reporter-output>
        </test-method> <!-- ValidatedFlighrSearchWithinValidValues -->
        <test-method is-config="true" signature="WriteInReport(org.testng.ITestResult)[pri:0, instance:Testcase.MakeMyTripFlightSearch@815b41f]" started-at="2025-02-05T10:08:52 IST" name="WriteInReport" finished-at="2025-02-05T10:08:52 IST" duration-ms="316" status="PASS">
          <params>
            <param index="0">
              <value>
                <![CDATA[[TestResult name=ValidatedFlighrSearchWithinValidValues status=SUCCESS method=MakeMyTripFlightSearch.ValidatedFlighrSearchWithinValidValues(java.lang.String,java.lang.String)[pri:1, instance:Testcase.MakeMyTripFlightSearch@815b41f] output={null}]]]>
              </value>
            </param>
          </params>
          <reporter-output>
          </reporter-output>
        </test-method> <!-- WriteInReport -->
        <test-method signature="ValidatedFlighrSearchWithinValidValues(java.lang.String,java.lang.String)[pri:1, instance:Testcase.MakeMyTripFlightSearch@815b41f]" started-at="2025-02-05T10:08:52 IST" name="ValidatedFlighrSearchWithinValidValues" data-provider="GetinValidFlightTestData" finished-at="2025-02-05T10:08:54 IST" duration-ms="1422" status="PASS">
          <params>
            <param index="0">
              <value>
                <![CDATA[PNQ]]>
              </value>
            </param>
            <param index="1">
              <value>
                <![CDATA[PNQ]]>
              </value>
            </param>
          </params>
          <reporter-output>
          </reporter-output>
        </test-method> <!-- ValidatedFlighrSearchWithinValidValues -->
        <test-method is-config="true" signature="WriteInReport(org.testng.ITestResult)[pri:0, instance:Testcase.MakeMyTripFlightSearch@815b41f]" started-at="2025-02-05T10:08:54 IST" name="WriteInReport" finished-at="2025-02-05T10:08:54 IST" duration-ms="301" status="PASS">
          <params>
            <param index="0">
              <value>
                <![CDATA[[TestResult name=ValidatedFlighrSearchWithinValidValues status=SUCCESS method=MakeMyTripFlightSearch.ValidatedFlighrSearchWithinValidValues(java.lang.String,java.lang.String)[pri:1, instance:Testcase.MakeMyTripFlightSearch@815b41f] output={null}]]]>
              </value>
            </param>
          </params>
          <reporter-output>
          </reporter-output>
        </test-method> <!-- WriteInReport -->
        <test-method is-config="true" signature="CloseBrowser()[pri:0, instance:Testcase.MakeMyTripFlightSearch@815b41f]" started-at="2025-02-05T10:08:54 IST" name="CloseBrowser" finished-at="2025-02-05T10:08:57 IST" duration-ms="2755" status="PASS">
          <reporter-output>
          </reporter-output>
        </test-method> <!-- CloseBrowser -->
      </class> <!-- Testcase.MakeMyTripFlightSearch -->
    </test> <!-- Default test -->
  </suite> <!-- Default suite -->
</testng-results>
